Analysis & Synthesis report for cronometro
Sat Nov 24 19:33:37 2018
Quartus II Version 9.1 Build 350 03/24/2010 Service Pack 2 SJ Web Edition


---------------------
; Table of Contents ;
---------------------
  1. Legal Notice
  2. Analysis & Synthesis Summary
  3. Analysis & Synthesis Settings
  4. Parallel Compilation
  5. Analysis & Synthesis Source Files Read
  6. Analysis & Synthesis Resource Usage Summary
  7. Analysis & Synthesis Resource Utilization by Entity
  8. General Register Statistics
  9. Multiplexer Restructuring Statistics (Restructuring Performed)
 10. Parameter Settings for Inferred Entity Instance: decodificador:cent|lpm_divide:Mod0
 11. Parameter Settings for Inferred Entity Instance: decodificador:cent|lpm_divide:Div0
 12. Parameter Settings for Inferred Entity Instance: decodificador:seg|lpm_divide:Mod0
 13. Parameter Settings for Inferred Entity Instance: decodificador:seg|lpm_divide:Div0
 14. Port Connectivity Checks: "contador:segundo"
 15. Port Connectivity Checks: "contador:centesimo"
 16. Analysis & Synthesis Messages



----------------
; Legal Notice ;
----------------
Copyright (C) 1991-2010 Altera Corporation
Your use of Altera Corporation's design tools, logic functions 
and other software and tools, and its AMPP partner logic 
functions, and any output files from any of the foregoing 
(including device programming or simulation files), and any 
associated documentation or information are expressly subject 
to the terms and conditions of the Altera Program License 
Subscription Agreement, Altera MegaCore Function License 
Agreement, or other applicable license agreement, including, 
without limitation, that your use is for the sole purpose of 
programming logic devices manufactured by Altera and sold by 
Altera or its authorized distributors.  Please refer to the 
applicable agreement for further details.



+-----------------------------------------------------------------------------------+
; Analysis & Synthesis Summary                                                      ;
+------------------------------------+----------------------------------------------+
; Analysis & Synthesis Status        ; Successful - Sat Nov 24 19:33:37 2018        ;
; Quartus II Version                 ; 9.1 Build 350 03/24/2010 SP 2 SJ Web Edition ;
; Revision Name                      ; cronometro                                   ;
; Top-level Entity Name              ; cronometro                                   ;
; Family                             ; Cyclone II                                   ;
; Total logic elements               ; 290                                          ;
;     Total combinational functions  ; 290                                          ;
;     Dedicated logic registers      ; 34                                           ;
; Total registers                    ; 34                                           ;
; Total pins                         ; 31                                           ;
; Total virtual pins                 ; 0                                            ;
; Total memory bits                  ; 0                                            ;
; Embedded Multiplier 9-bit elements ; 0                                            ;
; Total PLLs                         ; 0                                            ;
+------------------------------------+----------------------------------------------+


+----------------------------------------------------------------------------------------------------------------------+
; Analysis & Synthesis Settings                                                                                        ;
+----------------------------------------------------------------------------+--------------------+--------------------+
; Option                                                                     ; Setting            ; Default Value      ;
+----------------------------------------------------------------------------+--------------------+--------------------+
; Device                                                                     ; EP2C20F484C7       ;                    ;
; Top-level entity name                                                      ; cronometro         ; cronometro         ;
; Family name                                                                ; Cyclone II         ; Stratix II         ;
; Use Generated Physical Constraints File                                    ; Off                ;                    ;
; Use smart compilation                                                      ; Off                ; Off                ;
; Enable parallel Assembler and TimeQuest Timing Analyzer during compilation ; On                 ; On                 ;
; Enable compact report table                                                ; Off                ; Off                ;
; Restructure Multiplexers                                                   ; Auto               ; Auto               ;
; Create Debugging Nodes for IP Cores                                        ; Off                ; Off                ;
; Preserve fewer node names                                                  ; On                 ; On                 ;
; Disable OpenCore Plus hardware evaluation                                  ; Off                ; Off                ;
; Verilog Version                                                            ; Verilog_2001       ; Verilog_2001       ;
; VHDL Version                                                               ; VHDL_1993          ; VHDL_1993          ;
; State Machine Processing                                                   ; Auto               ; Auto               ;
; Safe State Machine                                                         ; Off                ; Off                ;
; Extract Verilog State Machines                                             ; On                 ; On                 ;
; Extract VHDL State Machines                                                ; On                 ; On                 ;
; Ignore Verilog initial constructs                                          ; Off                ; Off                ;
; Iteration limit for constant Verilog loops                                 ; 5000               ; 5000               ;
; Iteration limit for non-constant Verilog loops                             ; 250                ; 250                ;
; Add Pass-Through Logic to Inferred RAMs                                    ; On                 ; On                 ;
; Parallel Synthesis                                                         ; On                 ; On                 ;
; DSP Block Balancing                                                        ; Auto               ; Auto               ;
; NOT Gate Push-Back                                                         ; On                 ; On                 ;
; Power-Up Don't Care                                                        ; On                 ; On                 ;
; Remove Redundant Logic Cells                                               ; Off                ; Off                ;
; Remove Duplicate Registers                                                 ; On                 ; On                 ;
; Ignore CARRY Buffers                                                       ; Off                ; Off                ;
; Ignore CASCADE Buffers                                                     ; Off                ; Off                ;
; Ignore GLOBAL Buffers                                                      ; Off                ; Off                ;
; Ignore ROW GLOBAL Buffers                                                  ; Off                ; Off                ;
; Ignore LCELL Buffers                                                       ; Off                ; Off                ;
; Ignore SOFT Buffers                                                        ; On                 ; On                 ;
; Limit AHDL Integers to 32 Bits                                             ; Off                ; Off                ;
; Optimization Technique                                                     ; Balanced           ; Balanced           ;
; Carry Chain Length                                                         ; 70                 ; 70                 ;
; Auto Carry Chains                                                          ; On                 ; On                 ;
; Auto Open-Drain Pins                                                       ; On                 ; On                 ;
; Perform WYSIWYG Primitive Resynthesis                                      ; Off                ; Off                ;
; Auto ROM Replacement                                                       ; On                 ; On                 ;
; Auto RAM Replacement                                                       ; On                 ; On                 ;
; Auto Shift Register Replacement                                            ; Auto               ; Auto               ;
; Auto Clock Enable Replacement                                              ; On                 ; On                 ;
; Strict RAM Replacement                                                     ; Off                ; Off                ;
; Allow Synchronous Control Signals                                          ; On                 ; On                 ;
; Force Use of Synchronous Clear Signals                                     ; Off                ; Off                ;
; Auto RAM to Logic Cell Conversion                                          ; Off                ; Off                ;
; Auto Resource Sharing                                                      ; Off                ; Off                ;
; Allow Any RAM Size For Recognition                                         ; Off                ; Off                ;
; Allow Any ROM Size For Recognition                                         ; Off                ; Off                ;
; Allow Any Shift Register Size For Recognition                              ; Off                ; Off                ;
; Use LogicLock Constraints during Resource Balancing                        ; On                 ; On                 ;
; Ignore translate_off and synthesis_off directives                          ; Off                ; Off                ;
; Timing-Driven Synthesis                                                    ; Off                ; Off                ;
; Show Parameter Settings Tables in Synthesis Report                         ; On                 ; On                 ;
; Ignore Maximum Fan-Out Assignments                                         ; Off                ; Off                ;
; Synchronization Register Chain Length                                      ; 2                  ; 2                  ;
; PowerPlay Power Optimization                                               ; Normal compilation ; Normal compilation ;
; HDL message level                                                          ; Level2             ; Level2             ;
; Suppress Register Optimization Related Messages                            ; Off                ; Off                ;
; Number of Removed Registers Reported in Synthesis Report                   ; 5000               ; 5000               ;
; Number of Inverted Registers Reported in Synthesis Report                  ; 100                ; 100                ;
; Clock MUX Protection                                                       ; On                 ; On                 ;
; Auto Gated Clock Conversion                                                ; Off                ; Off                ;
; Block Design Naming                                                        ; Auto               ; Auto               ;
; SDC constraint protection                                                  ; Off                ; Off                ;
; Synthesis Effort                                                           ; Auto               ; Auto               ;
; Shift Register Replacement - Allow Asynchronous Clear Signal               ; On                 ; On                 ;
; Analysis & Synthesis Message Level                                         ; Medium             ; Medium             ;
; Disable Register Merging Across Hierarchies                                ; Auto               ; Auto               ;
; Resource Aware Inference For Block RAM                                     ; On                 ; On                 ;
+----------------------------------------------------------------------------+--------------------+--------------------+


Parallel compilation was disabled, but you have multiple processors available. Enable parallel compilation to reduce compilation time.
+-------------------------------------+
; Parallel Compilation                ;
+----------------------------+--------+
; Processors                 ; Number ;
+----------------------------+--------+
; Number detected on machine ; 4      ;
; Maximum allowed            ; 1      ;
+----------------------------+--------+


+------------------------------------------------------------------------------------------------------------------------------------------------------+
; Analysis & Synthesis Source Files Read                                                                                                               ;
+------------------------------------+-----------------+------------------------------+----------------------------------------------------------------+
; File Name with User-Entered Path   ; Used in Netlist ; File Type                    ; File Name with Absolute Path                                   ;
+------------------------------------+-----------------+------------------------------+----------------------------------------------------------------+
; cronometro.v                       ; yes             ; User Verilog HDL File        ; E:/cronometro3/cronometro.v                                    ;
; ../cronometro/div_freq.v           ; yes             ; User Verilog HDL File        ; E:/cronometro/div_freq.v                                       ;
; ../cronometro/contador.v           ; yes             ; User Verilog HDL File        ; E:/cronometro/contador.v                                       ;
; ../cronometro/decodificador.v      ; yes             ; User Verilog HDL File        ; E:/cronometro/decodificador.v                                  ;
; ../cronometro/decodificador_7seg.v ; yes             ; User Verilog HDL File        ; E:/cronometro/decodificador_7seg.v                             ;
; lpm_divide.tdf                     ; yes             ; Megafunction                 ; c:/altera/91sp2/quartus/libraries/megafunctions/lpm_divide.tdf ;
; db/lpm_divide_35m.tdf              ; yes             ; Auto-Generated Megafunction  ; E:/cronometro3/db/lpm_divide_35m.tdf                           ;
; db/sign_div_unsign_akh.tdf         ; yes             ; Auto-Generated Megafunction  ; E:/cronometro3/db/sign_div_unsign_akh.tdf                      ;
; db/alt_u_div_mve.tdf               ; yes             ; Auto-Generated Megafunction  ; E:/cronometro3/db/alt_u_div_mve.tdf                            ;
; db/add_sub_lkc.tdf                 ; yes             ; Auto-Generated Megafunction  ; E:/cronometro3/db/add_sub_lkc.tdf                              ;
; db/add_sub_mkc.tdf                 ; yes             ; Auto-Generated Megafunction  ; E:/cronometro3/db/add_sub_mkc.tdf                              ;
; db/lpm_divide_0dm.tdf              ; yes             ; Auto-Generated Megafunction  ; E:/cronometro3/db/lpm_divide_0dm.tdf                           ;
+------------------------------------+-----------------+------------------------------+----------------------------------------------------------------+


+-----------------------------------------------------+
; Analysis & Synthesis Resource Usage Summary         ;
+---------------------------------------------+-------+
; Resource                                    ; Usage ;
+---------------------------------------------+-------+
; Estimated Total logic elements              ; 290   ;
;                                             ;       ;
; Total combinational functions               ; 290   ;
; Logic element usage by number of LUT inputs ;       ;
;     -- 4 input functions                    ; 90    ;
;     -- 3 input functions                    ; 54    ;
;     -- <=2 input functions                  ; 146   ;
;                                             ;       ;
; Logic elements by mode                      ;       ;
;     -- normal mode                          ; 201   ;
;     -- arithmetic mode                      ; 89    ;
;                                             ;       ;
; Total registers                             ; 34    ;
;     -- Dedicated logic registers            ; 34    ;
;     -- I/O registers                        ; 0     ;
;                                             ;       ;
; I/O pins                                    ; 31    ;
; Maximum fan-out node                        ; CLR   ;
; Maximum fan-out                             ; 34    ;
; Total fan-out                               ; 912   ;
; Average fan-out                             ; 2.57  ;
+---------------------------------------------+-------+


+-------------------------------------------------------------------------------------------------------------------------------------------------------------------------------------------------------------------------------------------------------------------------------------------------------+
; Analysis & Synthesis Resource Utilization by Entity                                                                                                                                                                                                                                                   ;
+-------------------------------------------+-------------------+--------------+-------------+--------------+---------+-----------+------+--------------+--------------------------------------------------------------------------------------------------------------------------------+--------------+
; Compilation Hierarchy Node                ; LC Combinationals ; LC Registers ; Memory Bits ; DSP Elements ; DSP 9x9 ; DSP 18x18 ; Pins ; Virtual Pins ; Full Hierarchy Name                                                                                                            ; Library Name ;
+-------------------------------------------+-------------------+--------------+-------------+--------------+---------+-----------+------+--------------+--------------------------------------------------------------------------------------------------------------------------------+--------------+
; |cronometro                               ; 290 (0)           ; 34 (0)       ; 0           ; 0            ; 0       ; 0         ; 31   ; 0            ; |cronometro                                                                                                                    ; work         ;
;    |contador:centesimo|                   ; 21 (21)           ; 8 (8)        ; 0           ; 0            ; 0       ; 0         ; 0    ; 0            ; |cronometro|contador:centesimo                                                                                                 ;              ;
;    |contador:segundo|                     ; 20 (20)           ; 7 (7)        ; 0           ; 0            ; 0       ; 0         ; 0    ; 0            ; |cronometro|contador:segundo                                                                                                   ;              ;
;    |decodificador:cent|                   ; 115 (7)           ; 0 (0)        ; 0           ; 0            ; 0       ; 0         ; 0    ; 0            ; |cronometro|decodificador:cent                                                                                                 ;              ;
;       |decodificador_7seg:dec_dz|         ; 12 (12)           ; 0 (0)        ; 0           ; 0            ; 0       ; 0         ; 0    ; 0            ; |cronometro|decodificador:cent|decodificador_7seg:dec_dz                                                                       ;              ;
;       |decodificador_7seg:dec_un|         ; 8 (8)             ; 0 (0)        ; 0           ; 0            ; 0       ; 0         ; 0    ; 0            ; |cronometro|decodificador:cent|decodificador_7seg:dec_un                                                                       ;              ;
;       |lpm_divide:Div0|                   ; 43 (0)            ; 0 (0)        ; 0           ; 0            ; 0       ; 0         ; 0    ; 0            ; |cronometro|decodificador:cent|lpm_divide:Div0                                                                                 ;              ;
;          |lpm_divide_0dm:auto_generated|  ; 43 (0)            ; 0 (0)        ; 0           ; 0            ; 0       ; 0         ; 0    ; 0            ; |cronometro|decodificador:cent|lpm_divide:Div0|lpm_divide_0dm:auto_generated                                                   ;              ;
;             |sign_div_unsign_akh:divider| ; 43 (0)            ; 0 (0)        ; 0           ; 0            ; 0       ; 0         ; 0    ; 0            ; |cronometro|decodificador:cent|lpm_divide:Div0|lpm_divide_0dm:auto_generated|sign_div_unsign_akh:divider                       ;              ;
;                |alt_u_div_mve:divider|    ; 43 (43)           ; 0 (0)        ; 0           ; 0            ; 0       ; 0         ; 0    ; 0            ; |cronometro|decodificador:cent|lpm_divide:Div0|lpm_divide_0dm:auto_generated|sign_div_unsign_akh:divider|alt_u_div_mve:divider ;              ;
;       |lpm_divide:Mod0|                   ; 45 (0)            ; 0 (0)        ; 0           ; 0            ; 0       ; 0         ; 0    ; 0            ; |cronometro|decodificador:cent|lpm_divide:Mod0                                                                                 ;              ;
;          |lpm_divide_35m:auto_generated|  ; 45 (0)            ; 0 (0)        ; 0           ; 0            ; 0       ; 0         ; 0    ; 0            ; |cronometro|decodificador:cent|lpm_divide:Mod0|lpm_divide_35m:auto_generated                                                   ;              ;
;             |sign_div_unsign_akh:divider| ; 45 (0)            ; 0 (0)        ; 0           ; 0            ; 0       ; 0         ; 0    ; 0            ; |cronometro|decodificador:cent|lpm_divide:Mod0|lpm_divide_35m:auto_generated|sign_div_unsign_akh:divider                       ;              ;
;                |alt_u_div_mve:divider|    ; 45 (45)           ; 0 (0)        ; 0           ; 0            ; 0       ; 0         ; 0    ; 0            ; |cronometro|decodificador:cent|lpm_divide:Mod0|lpm_divide_35m:auto_generated|sign_div_unsign_akh:divider|alt_u_div_mve:divider ;              ;
;    |decodificador:seg|                    ; 115 (5)           ; 0 (0)        ; 0           ; 0            ; 0       ; 0         ; 0    ; 0            ; |cronometro|decodificador:seg                                                                                                  ;              ;
;       |decodificador_7seg:dec_dz|         ; 12 (12)           ; 0 (0)        ; 0           ; 0            ; 0       ; 0         ; 0    ; 0            ; |cronometro|decodificador:seg|decodificador_7seg:dec_dz                                                                        ;              ;
;       |decodificador_7seg:dec_un|         ; 10 (10)           ; 0 (0)        ; 0           ; 0            ; 0       ; 0         ; 0    ; 0            ; |cronometro|decodificador:seg|decodificador_7seg:dec_un                                                                        ;              ;
;       |lpm_divide:Div0|                   ; 43 (0)            ; 0 (0)        ; 0           ; 0            ; 0       ; 0         ; 0    ; 0            ; |cronometro|decodificador:seg|lpm_divide:Div0                                                                                  ;              ;
;          |lpm_divide_0dm:auto_generated|  ; 43 (0)            ; 0 (0)        ; 0           ; 0            ; 0       ; 0         ; 0    ; 0            ; |cronometro|decodificador:seg|lpm_divide:Div0|lpm_divide_0dm:auto_generated                                                    ;              ;
;             |sign_div_unsign_akh:divider| ; 43 (0)            ; 0 (0)        ; 0           ; 0            ; 0       ; 0         ; 0    ; 0            ; |cronometro|decodificador:seg|lpm_divide:Div0|lpm_divide_0dm:auto_generated|sign_div_unsign_akh:divider                        ;              ;
;                |alt_u_div_mve:divider|    ; 43 (43)           ; 0 (0)        ; 0           ; 0            ; 0       ; 0         ; 0    ; 0            ; |cronometro|decodificador:seg|lpm_divide:Div0|lpm_divide_0dm:auto_generated|sign_div_unsign_akh:divider|alt_u_div_mve:divider  ;              ;
;       |lpm_divide:Mod0|                   ; 45 (0)            ; 0 (0)        ; 0           ; 0            ; 0       ; 0         ; 0    ; 0            ; |cronometro|decodificador:seg|lpm_divide:Mod0                                                                                  ;              ;
;          |lpm_divide_35m:auto_generated|  ; 45 (0)            ; 0 (0)        ; 0           ; 0            ; 0       ; 0         ; 0    ; 0            ; |cronometro|decodificador:seg|lpm_divide:Mod0|lpm_divide_35m:auto_generated                                                    ;              ;
;             |sign_div_unsign_akh:divider| ; 45 (0)            ; 0 (0)        ; 0           ; 0            ; 0       ; 0         ; 0    ; 0            ; |cronometro|decodificador:seg|lpm_divide:Mod0|lpm_divide_35m:auto_generated|sign_div_unsign_akh:divider                        ;              ;
;                |alt_u_div_mve:divider|    ; 45 (45)           ; 0 (0)        ; 0           ; 0            ; 0       ; 0         ; 0    ; 0            ; |cronometro|decodificador:seg|lpm_divide:Mod0|lpm_divide_35m:auto_generated|sign_div_unsign_akh:divider|alt_u_div_mve:divider  ;              ;
;    |div_freq:divisor|                     ; 19 (19)           ; 19 (19)      ; 0           ; 0            ; 0       ; 0         ; 0    ; 0            ; |cronometro|div_freq:divisor                                                                                                   ;              ;
+-------------------------------------------+-------------------+--------------+-------------+--------------+---------+-----------+------+--------------+--------------------------------------------------------------------------------------------------------------------------------+--------------+
Note: For table entries with two numbers listed, the numbers in parentheses indicate the number of resources of the given type used by the specific entity alone. The numbers listed outside of parentheses indicate the total resources of the given type used by the specific entity and all of its sub-entities in the hierarchy.


+------------------------------------------------------+
; General Register Statistics                          ;
+----------------------------------------------+-------+
; Statistic                                    ; Value ;
+----------------------------------------------+-------+
; Total registers                              ; 34    ;
; Number of registers using Synchronous Clear  ; 0     ;
; Number of registers using Synchronous Load   ; 0     ;
; Number of registers using Asynchronous Clear ; 34    ;
; Number of registers using Asynchronous Load  ; 0     ;
; Number of registers using Clock Enable       ; 4     ;
; Number of registers using Preset             ; 0     ;
+----------------------------------------------+-------+


+------------------------------------------------------------------------------------------------------------------------------------------------------------------------------------+
; Multiplexer Restructuring Statistics (Restructuring Performed)                                                                                                                     ;
+--------------------+-----------+---------------+----------------------+------------------------+------------+----------------------------------------------------------------------+
; Multiplexer Inputs ; Bus Width ; Baseline Area ; Area if Restructured ; Saving if Restructured ; Registered ; Example Multiplexer Output                                           ;
+--------------------+-----------+---------------+----------------------+------------------------+------------+----------------------------------------------------------------------+
; 3:1                ; 7 bits    ; 14 LEs        ; 7 LEs                ; 7 LEs                  ; Yes        ; |cronometro|contador:centesimo|data_out[0]                           ;
; 3:1                ; 7 bits    ; 14 LEs        ; 7 LEs                ; 7 LEs                  ; Yes        ; |cronometro|contador:segundo|data_out[3]                             ;
; 5:1                ; 3 bits    ; 9 LEs         ; 6 LEs                ; 3 LEs                  ; No         ; |cronometro|decodificador:cent|decodificador_7seg:dec_un|data_out[5] ;
; 5:1                ; 3 bits    ; 9 LEs         ; 6 LEs                ; 3 LEs                  ; No         ; |cronometro|decodificador:cent|decodificador_7seg:dec_dz|data_out[0] ;
; 5:1                ; 3 bits    ; 9 LEs         ; 6 LEs                ; 3 LEs                  ; No         ; |cronometro|decodificador:seg|decodificador_7seg:dec_un|data_out[6]  ;
; 5:1                ; 3 bits    ; 9 LEs         ; 6 LEs                ; 3 LEs                  ; No         ; |cronometro|decodificador:seg|decodificador_7seg:dec_dz|data_out[0]  ;
+--------------------+-----------+---------------+----------------------+------------------------+------------+----------------------------------------------------------------------+


+-------------------------------------------------------------------------------------+
; Parameter Settings for Inferred Entity Instance: decodificador:cent|lpm_divide:Mod0 ;
+------------------------+----------------+-------------------------------------------+
; Parameter Name         ; Value          ; Type                                      ;
+------------------------+----------------+-------------------------------------------+
; LPM_WIDTHN             ; 7              ; Untyped                                   ;
; LPM_WIDTHD             ; 4              ; Untyped                                   ;
; LPM_NREPRESENTATION    ; UNSIGNED       ; Untyped                                   ;
; LPM_DREPRESENTATION    ; UNSIGNED       ; Untyped                                   ;
; LPM_PIPELINE           ; 0              ; Untyped                                   ;
; LPM_REMAINDERPOSITIVE  ; TRUE           ; Untyped                                   ;
; MAXIMIZE_SPEED         ; 5              ; Untyped                                   ;
; CBXI_PARAMETER         ; lpm_divide_35m ; Untyped                                   ;
; CARRY_CHAIN            ; MANUAL         ; Untyped                                   ;
; OPTIMIZE_FOR_SPEED     ; 5              ; Untyped                                   ;
; AUTO_CARRY_CHAINS      ; ON             ; AUTO_CARRY                                ;
; IGNORE_CARRY_BUFFERS   ; OFF            ; IGNORE_CARRY                              ;
; AUTO_CASCADE_CHAINS    ; ON             ; AUTO_CASCADE                              ;
; IGNORE_CASCADE_BUFFERS ; OFF            ; IGNORE_CASCADE                            ;
+------------------------+----------------+-------------------------------------------+
Note: In order to hide this table in the UI and the text report file, please set the "Show Parameter Settings Tables in Synthesis Report" option in "Analysis and Synthesis Settings -> More Settings" to "Off".


+-------------------------------------------------------------------------------------+
; Parameter Settings for Inferred Entity Instance: decodificador:cent|lpm_divide:Div0 ;
+------------------------+----------------+-------------------------------------------+
; Parameter Name         ; Value          ; Type                                      ;
+------------------------+----------------+-------------------------------------------+
; LPM_WIDTHN             ; 7              ; Untyped                                   ;
; LPM_WIDTHD             ; 4              ; Untyped                                   ;
; LPM_NREPRESENTATION    ; UNSIGNED       ; Untyped                                   ;
; LPM_DREPRESENTATION    ; UNSIGNED       ; Untyped                                   ;
; LPM_PIPELINE           ; 0              ; Untyped                                   ;
; LPM_REMAINDERPOSITIVE  ; TRUE           ; Untyped                                   ;
; MAXIMIZE_SPEED         ; 5              ; Untyped                                   ;
; CBXI_PARAMETER         ; lpm_divide_0dm ; Untyped                                   ;
; CARRY_CHAIN            ; MANUAL         ; Untyped                                   ;
; OPTIMIZE_FOR_SPEED     ; 5              ; Untyped                                   ;
; AUTO_CARRY_CHAINS      ; ON             ; AUTO_CARRY                                ;
; IGNORE_CARRY_BUFFERS   ; OFF            ; IGNORE_CARRY                              ;
; AUTO_CASCADE_CHAINS    ; ON             ; AUTO_CASCADE                              ;
; IGNORE_CASCADE_BUFFERS ; OFF            ; IGNORE_CASCADE                            ;
+------------------------+----------------+-------------------------------------------+
Note: In order to hide this table in the UI and the text report file, please set the "Show Parameter Settings Tables in Synthesis Report" option in "Analysis and Synthesis Settings -> More Settings" to "Off".


+------------------------------------------------------------------------------------+
; Parameter Settings for Inferred Entity Instance: decodificador:seg|lpm_divide:Mod0 ;
+------------------------+----------------+------------------------------------------+
; Parameter Name         ; Value          ; Type                                     ;
+------------------------+----------------+------------------------------------------+
; LPM_WIDTHN             ; 7              ; Untyped                                  ;
; LPM_WIDTHD             ; 4              ; Untyped                                  ;
; LPM_NREPRESENTATION    ; UNSIGNED       ; Untyped                                  ;
; LPM_DREPRESENTATION    ; UNSIGNED       ; Untyped                                  ;
; LPM_PIPELINE           ; 0              ; Untyped                                  ;
; LPM_REMAINDERPOSITIVE  ; TRUE           ; Untyped                                  ;
; MAXIMIZE_SPEED         ; 5              ; Untyped                                  ;
; CBXI_PARAMETER         ; lpm_divide_35m ; Untyped                                  ;
; CARRY_CHAIN            ; MANUAL         ; Untyped                                  ;
; OPTIMIZE_FOR_SPEED     ; 5              ; Untyped                                  ;
; AUTO_CARRY_CHAINS      ; ON             ; AUTO_CARRY                               ;
; IGNORE_CARRY_BUFFERS   ; OFF            ; IGNORE_CARRY                             ;
; AUTO_CASCADE_CHAINS    ; ON             ; AUTO_CASCADE                             ;
; IGNORE_CASCADE_BUFFERS ; OFF            ; IGNORE_CASCADE                           ;
+------------------------+----------------+------------------------------------------+
Note: In order to hide this table in the UI and the text report file, please set the "Show Parameter Settings Tables in Synthesis Report" option in "Analysis and Synthesis Settings -> More Settings" to "Off".


+------------------------------------------------------------------------------------+
; Parameter Settings for Inferred Entity Instance: decodificador:seg|lpm_divide:Div0 ;
+------------------------+----------------+------------------------------------------+
; Parameter Name         ; Value          ; Type                                     ;
+------------------------+----------------+------------------------------------------+
; LPM_WIDTHN             ; 7              ; Untyped                                  ;
; LPM_WIDTHD             ; 4              ; Untyped                                  ;
; LPM_NREPRESENTATION    ; UNSIGNED       ; Untyped                                  ;
; LPM_DREPRESENTATION    ; UNSIGNED       ; Untyped                                  ;
; LPM_PIPELINE           ; 0              ; Untyped                                  ;
; LPM_REMAINDERPOSITIVE  ; TRUE           ; Untyped                                  ;
; MAXIMIZE_SPEED         ; 5              ; Untyped                                  ;
; CBXI_PARAMETER         ; lpm_divide_0dm ; Untyped                                  ;
; CARRY_CHAIN            ; MANUAL         ; Untyped                                  ;
; OPTIMIZE_FOR_SPEED     ; 5              ; Untyped                                  ;
; AUTO_CARRY_CHAINS      ; ON             ; AUTO_CARRY                               ;
; IGNORE_CARRY_BUFFERS   ; OFF            ; IGNORE_CARRY                             ;
; AUTO_CASCADE_CHAINS    ; ON             ; AUTO_CASCADE                             ;
; IGNORE_CASCADE_BUFFERS ; OFF            ; IGNORE_CASCADE                           ;
+------------------------+----------------+------------------------------------------+
Note: In order to hide this table in the UI and the text report file, please set the "Show Parameter Settings Tables in Synthesis Report" option in "Analysis and Synthesis Settings -> More Settings" to "Off".


+--------------------------------------------------------------------------------------------------------------------------+
; Port Connectivity Checks: "contador:segundo"                                                                             ;
+----------------+--------+----------+-------------------------------------------------------------------------------------+
; Port           ; Type   ; Severity ; Details                                                                             ;
+----------------+--------+----------+-------------------------------------------------------------------------------------+
; cont_max[5..3] ; Input  ; Info     ; Stuck at VCC                                                                        ;
; cont_max[1..0] ; Input  ; Info     ; Stuck at VCC                                                                        ;
; cont_max[6]    ; Input  ; Info     ; Stuck at GND                                                                        ;
; cont_max[2]    ; Input  ; Info     ; Stuck at GND                                                                        ;
; en_out         ; Output ; Info     ; Connected to dangling logic. Logic that only feeds a dangling port will be removed. ;
+----------------+--------+----------+-------------------------------------------------------------------------------------+


+--------------------------------------------------+
; Port Connectivity Checks: "contador:centesimo"   ;
+----------------+-------+----------+--------------+
; Port           ; Type  ; Severity ; Details      ;
+----------------+-------+----------+--------------+
; cont_max[6..5] ; Input ; Info     ; Stuck at VCC ;
; cont_max[1..0] ; Input ; Info     ; Stuck at VCC ;
; cont_max[4..2] ; Input ; Info     ; Stuck at GND ;
+----------------+-------+----------+--------------+


+-------------------------------+
; Analysis & Synthesis Messages ;
+-------------------------------+
Info: *******************************************************************
Info: Running Quartus II Analysis & Synthesis
    Info: Version 9.1 Build 350 03/24/2010 Service Pack 2 SJ Web Edition
    Info: Processing started: Sat Nov 24 19:33:31 2018
Info: Command: quartus_map --read_settings_files=on --write_settings_files=off cronometro -c cronometro
Info: Found 1 design units, including 1 entities, in source file cronometro.v
    Info: Found entity 1: cronometro
Info: Found 1 design units, including 1 entities, in source file /cronometro/div_freq.v
    Info: Found entity 1: div_freq
Info: Found 1 design units, including 1 entities, in source file /cronometro/contador.v
    Info: Found entity 1: contador
Info: Found 1 design units, including 1 entities, in source file /cronometro/decodificador.v
    Info: Found entity 1: decodificador
Info: Found 1 design units, including 1 entities, in source file /cronometro/decodificador_7seg.v
    Info: Found entity 1: decodificador_7seg
Info: Elaborating entity "cronometro" for the top level hierarchy
Info: Elaborating entity "div_freq" for hierarchy "div_freq:divisor"
Info: Elaborating entity "contador" for hierarchy "contador:centesimo"
Info: Elaborating entity "decodificador" for hierarchy "decodificador:cent"
Warning (10230): Verilog HDL assignment warning at decodificador.v(10): truncated value with size 32 to match size of target (4)
Warning (10230): Verilog HDL assignment warning at decodificador.v(11): truncated value with size 32 to match size of target (4)
Info: Elaborating entity "decodificador_7seg" for hierarchy "decodificador:cent|decodificador_7seg:dec_un"
Info: Inferred 4 megafunctions from design logic
    Info: Inferred divider/modulo megafunction ("lpm_divide") from the following logic: "decodificador:cent|Mod0"
    Info: Inferred divider/modulo megafunction ("lpm_divide") from the following logic: "decodificador:cent|Div0"
    Info: Inferred divider/modulo megafunction ("lpm_divide") from the following logic: "decodificador:seg|Mod0"
    Info: Inferred divider/modulo megafunction ("lpm_divide") from the following logic: "decodificador:seg|Div0"
Info: Elaborated megafunction instantiation "decodificador:cent|lpm_divide:Mod0"
Info: Instantiated megafunction "decodificador:cent|lpm_divide:Mod0" with the following parameter:
    Info: Parameter "LPM_WIDTHN" = "7"
    Info: Parameter "LPM_WIDTHD" = "4"
    Info: Parameter "LPM_NREPRESENTATION" = "UNSIGNED"
    Info: Parameter "LPM_DREPRESENTATION" = "UNSIGNED"
Info: Found 1 design units, including 1 entities, in source file db/lpm_divide_35m.tdf
    Info: Found entity 1: lpm_divide_35m
Info: Found 1 design units, including 1 entities, in source file db/sign_div_unsign_akh.tdf
    Info: Found entity 1: sign_div_unsign_akh
Info: Found 1 design units, including 1 entities, in source file db/alt_u_div_mve.tdf
    Info: Found entity 1: alt_u_div_mve
Info: Found 1 design units, including 1 entities, in source file db/add_sub_lkc.tdf
    Info: Found entity 1: add_sub_lkc
Info: Found 1 design units, including 1 entities, in source file db/add_sub_mkc.tdf
    Info: Found entity 1: add_sub_mkc
Info: Elaborated megafunction instantiation "decodificador:cent|lpm_divide:Div0"
Info: Instantiated megafunction "decodificador:cent|lpm_divide:Div0" with the following parameter:
    Info: Parameter "LPM_WIDTHN" = "7"
    Info: Parameter "LPM_WIDTHD" = "4"
    Info: Parameter "LPM_NREPRESENTATION" = "UNSIGNED"
    Info: Parameter "LPM_DREPRESENTATION" = "UNSIGNED"
Info: Found 1 design units, including 1 entities, in source file db/lpm_divide_0dm.tdf
    Info: Found entity 1: lpm_divide_0dm
Info: Implemented 321 device resources after synthesis - the final resource count might be different
    Info: Implemented 3 input pins
    Info: Implemented 28 output pins
    Info: Implemented 290 logic cells
Info: Quartus II Analysis & Synthesis was successful. 0 errors, 2 warnings
    Info: Peak virtual memory: 240 megabytes
    Info: Processing ended: Sat Nov 24 19:33:37 2018
    Info: Elapsed time: 00:00:06
    Info: Total CPU time (on all processors): 00:00:05


